C:\USERS\ADMINISTRATOR\DOCUMENTS\VISUAL STUDIO 2012\PROJECTS\MFCAPPLICATION1\MFCAPPLICATION1\RELEASE\MFCAPPLICATION1.PCH
C:\USERS\ADMINISTRATOR\DOCUMENTS\VISUAL STUDIO 2012\PROJECTS\MFCAPPLICATION1\MFCAPPLICATION1\RELEASE\STDAFX.OBJ
C:\USERS\ADMINISTRATOR\DOCUMENTS\VISUAL STUDIO 2012\PROJECTS\MFCAPPLICATION1\MFCAPPLICATION1\RELEASE\VC110.PDB
C:\USERS\ADMINISTRATOR\DOCUMENTS\VISUAL STUDIO 2012\PROJECTS\MFCAPPLICATION1\MFCAPPLICATION1\RELEASE\YANGJAEAPPLICATIONDLG.OBJ
C:\USERS\ADMINISTRATOR\DOCUMENTS\VISUAL STUDIO 2012\PROJECTS\MFCAPPLICATION1\MFCAPPLICATION1\RELEASE\YANGJAEAPPLICATION.OBJ
C:\USERS\ADMINISTRATOR\DOCUMENTS\VISUAL STUDIO 2012\PROJECTS\CALCULATORAPPLICATION\RELEASE\MFCAPPLICATION1.EXE
C:\USERS\ADMINISTRATOR\DOCUMENTS\VISUAL STUDIO 2012\PROJECTS\CALCULATORAPPLICATION\RELEASE\MFCAPPLICATION1.PDB
C:\USERS\ADMINISTRATOR\DOCUMENTS\VISUAL STUDIO 2012\PROJECTS\MFCAPPLICATION1\MFCAPPLICATION1\RELEASE\MFCAPPLICATION1.RES
C:\Users\Administrator\documents\visual studio 2012\Projects\MFCApplication1\MFCApplication1\Release\stdafx.obj
C:\Users\Administrator\documents\visual studio 2012\Projects\MFCApplication1\MFCApplication1\Release\YangJaeApplication.obj
C:\Users\Administrator\documents\visual studio 2012\Projects\MFCApplication1\MFCApplication1\Release\YangJaeApplicationDlg.obj
C:\Users\Administrator\documents\visual studio 2012\Projects\MFCApplication1\MFCApplication1\Release\cl.command.1.tlog
C:\Users\Administrator\documents\visual studio 2012\Projects\MFCApplication1\MFCApplication1\Release\CL.read.1.tlog
C:\Users\Administrator\documents\visual studio 2012\Projects\MFCApplication1\MFCApplication1\Release\CL.write.1.tlog
C:\Users\Administrator\documents\visual studio 2012\Projects\MFCApplication1\MFCApplication1\Release\link-cvtres.read.1.tlog
C:\Users\Administrator\documents\visual studio 2012\Projects\MFCApplication1\MFCApplication1\Release\link-cvtres.write.1.tlog
C:\Users\Administrator\documents\visual studio 2012\Projects\MFCApplication1\MFCApplication1\Release\link-mt.read.1.tlog
C:\Users\Administrator\documents\visual studio 2012\Projects\MFCApplication1\MFCApplication1\Release\link-mt.write.1.tlog
C:\Users\Administrator\documents\visual studio 2012\Projects\MFCApplication1\MFCApplication1\Release\link-rc.read.1.tlog
C:\Users\Administrator\documents\visual studio 2012\Projects\MFCApplication1\MFCApplication1\Release\link-rc.write.1.tlog
C:\Users\Administrator\documents\visual studio 2012\Projects\MFCApplication1\MFCApplication1\Release\link.command.1.tlog
C:\Users\Administrator\documents\visual studio 2012\Projects\MFCApplication1\MFCApplication1\Release\link.read.1.tlog
C:\Users\Administrator\documents\visual studio 2012\Projects\MFCApplication1\MFCApplication1\Release\link.write.1.tlog
C:\Users\Administrator\documents\visual studio 2012\Projects\MFCApplication1\MFCApplication1\Release\rc.command.1.tlog
C:\Users\Administrator\documents\visual studio 2012\Projects\MFCApplication1\MFCApplication1\Release\rc.read.1.tlog
C:\Users\Administrator\documents\visual studio 2012\Projects\MFCApplication1\MFCApplication1\Release\rc.write.1.tlog
C:\Users\Administrator\documents\visual studio 2012\Projects\MFCApplication1\MFCApplication1\Release\MFCApplication1.res
C:\Users\Administrator\documents\visual studio 2012\Projects\MFCApplication1\MFCApplication1\Release\MFCApplication1.pch
C:\Users\Administrator\documents\visual studio 2012\Projects\MFCApplication1\MFCApplication1\Release\vc110.pdb
C:\Users\Administrator\documents\visual studio 2012\Projects\CalculatorApplication\Release\MFCApplication1.pdb
C:\Users\Administrator\documents\visual studio 2012\Projects\CalculatorApplication\Release\MFCApplication1.exe
